{"/Users/danielberryman/Code_Desktop/jsdates2/src/index.js": {"path":"/Users/danielberryman/Code_Desktop/jsdates2/src/index.js","statementMap":{"0":{"start":{"line":2,"column":23},"end":{"line":2,"column":145}},"1":{"start":{"line":3,"column":24},"end":{"line":3,"column":108}},"2":{"start":{"line":4,"column":18},"end":{"line":4,"column":79}},"3":{"start":{"line":5,"column":17},"end":{"line":5,"column":63}},"4":{"start":{"line":6,"column":14},"end":{"line":6,"column":24}},"5":{"start":{"line":7,"column":17},"end":{"line":7,"column":44}},"6":{"start":{"line":8,"column":14},"end":{"line":8,"column":29}},"7":{"start":{"line":9,"column":17},"end":{"line":9,"column":41}},"8":{"start":{"line":10,"column":14},"end":{"line":10,"column":33}},"9":{"start":{"line":11,"column":13},"end":{"line":11,"column":50}},"10":{"start":{"line":12,"column":19},"end":{"line":58,"column":1}},"11":{"start":{"line":59,"column":14},"end":{"line":66,"column":1}},"12":{"start":{"line":67,"column":14},"end":{"line":67,"column":99}},"13":{"start":{"line":68,"column":12},"end":{"line":68,"column":75}},"14":{"start":{"line":69,"column":16},"end":{"line":69,"column":26}},"15":{"start":{"line":70,"column":19},"end":{"line":70,"column":86}},"16":{"start":{"line":71,"column":14},"end":{"line":71,"column":34}},"17":{"start":{"line":72,"column":17},"end":{"line":72,"column":48}},"18":{"start":{"line":73,"column":11},"end":{"line":73,"column":24}},"19":{"start":{"line":74,"column":16},"end":{"line":74,"column":40}},"20":{"start":{"line":107,"column":0},"end":{"line":109,"column":1}},"21":{"start":{"line":108,"column":4},"end":{"line":108,"column":11}},"22":{"start":{"line":112,"column":4},"end":{"line":112,"column":21}},"23":{"start":{"line":113,"column":4},"end":{"line":113,"column":22}},"24":{"start":{"line":114,"column":4},"end":{"line":114,"column":17}},"25":{"start":{"line":119,"column":4},"end":{"line":119,"column":49}},"26":{"start":{"line":120,"column":4},"end":{"line":120,"column":53}},"27":{"start":{"line":121,"column":4},"end":{"line":121,"column":42}},"28":{"start":{"line":122,"column":4},"end":{"line":122,"column":55}},"29":{"start":{"line":125,"column":4},"end":{"line":125,"column":52}},"30":{"start":{"line":126,"column":4},"end":{"line":126,"column":58}},"31":{"start":{"line":127,"column":4},"end":{"line":127,"column":56}},"32":{"start":{"line":128,"column":4},"end":{"line":128,"column":61}},"33":{"start":{"line":130,"column":4},"end":{"line":130,"column":55}},"34":{"start":{"line":131,"column":4},"end":{"line":131,"column":51}},"35":{"start":{"line":134,"column":4},"end":{"line":134,"column":62}},"36":{"start":{"line":135,"column":4},"end":{"line":135,"column":68}},"37":{"start":{"line":136,"column":4},"end":{"line":136,"column":66}},"38":{"start":{"line":137,"column":4},"end":{"line":137,"column":71}},"39":{"start":{"line":140,"column":4},"end":{"line":140,"column":20}},"40":{"start":{"line":141,"column":4},"end":{"line":141,"column":23}},"41":{"start":{"line":142,"column":4},"end":{"line":142,"column":22}},"42":{"start":{"line":145,"column":4},"end":{"line":145,"column":60}},"43":{"start":{"line":146,"column":4},"end":{"line":146,"column":66}},"44":{"start":{"line":147,"column":4},"end":{"line":147,"column":70}},"45":{"start":{"line":148,"column":4},"end":{"line":148,"column":69}},"46":{"start":{"line":149,"column":4},"end":{"line":149,"column":71}},"47":{"start":{"line":150,"column":4},"end":{"line":150,"column":69}},"48":{"start":{"line":151,"column":4},"end":{"line":151,"column":69}},"49":{"start":{"line":155,"column":4},"end":{"line":155,"column":37}},"50":{"start":{"line":156,"column":4},"end":{"line":156,"column":45}},"51":{"start":{"line":157,"column":4},"end":{"line":157,"column":43}},"52":{"start":{"line":158,"column":4},"end":{"line":158,"column":48}},"53":{"start":{"line":159,"column":4},"end":{"line":159,"column":53}},"54":{"start":{"line":160,"column":4},"end":{"line":160,"column":48}},"55":{"start":{"line":161,"column":4},"end":{"line":161,"column":46}},"56":{"start":{"line":162,"column":4},"end":{"line":162,"column":49}},"57":{"start":{"line":167,"column":4},"end":{"line":167,"column":31}},"58":{"start":{"line":168,"column":4},"end":{"line":168,"column":28}},"59":{"start":{"line":169,"column":4},"end":{"line":169,"column":59}},"60":{"start":{"line":170,"column":4},"end":{"line":170,"column":61}},"61":{"start":{"line":171,"column":4},"end":{"line":171,"column":22}},"62":{"start":{"line":175,"column":4},"end":{"line":183,"column":5}},"63":{"start":{"line":176,"column":8},"end":{"line":176,"column":43}},"64":{"start":{"line":177,"column":8},"end":{"line":177,"column":41}},"65":{"start":{"line":178,"column":8},"end":{"line":178,"column":42}},"66":{"start":{"line":180,"column":8},"end":{"line":180,"column":42}},"67":{"start":{"line":181,"column":8},"end":{"line":181,"column":39}},"68":{"start":{"line":182,"column":8},"end":{"line":182,"column":20}},"69":{"start":{"line":187,"column":4},"end":{"line":187,"column":15}},"70":{"start":{"line":188,"column":4},"end":{"line":188,"column":22}},"71":{"start":{"line":189,"column":4},"end":{"line":189,"column":24}},"72":{"start":{"line":190,"column":4},"end":{"line":190,"column":29}},"73":{"start":{"line":191,"column":4},"end":{"line":191,"column":21}},"74":{"start":{"line":195,"column":4},"end":{"line":195,"column":26}},"75":{"start":{"line":196,"column":17},"end":{"line":196,"column":33}},"76":{"start":{"line":197,"column":4},"end":{"line":209,"column":5}},"77":{"start":{"line":198,"column":8},"end":{"line":198,"column":25}},"78":{"start":{"line":199,"column":8},"end":{"line":199,"column":20}},"79":{"start":{"line":200,"column":8},"end":{"line":204,"column":9}},"80":{"start":{"line":201,"column":12},"end":{"line":201,"column":27}},"81":{"start":{"line":203,"column":12},"end":{"line":203,"column":30}},"82":{"start":{"line":206,"column":8},"end":{"line":206,"column":44}},"83":{"start":{"line":213,"column":12},"end":{"line":213,"column":33}},"84":{"start":{"line":214,"column":4},"end":{"line":216,"column":5}},"85":{"start":{"line":215,"column":8},"end":{"line":215,"column":27}},"86":{"start":{"line":217,"column":4},"end":{"line":217,"column":13}},"87":{"start":{"line":221,"column":4},"end":{"line":225,"column":5}},"88":{"start":{"line":221,"column":17},"end":{"line":221,"column":18}},"89":{"start":{"line":222,"column":8},"end":{"line":224,"column":9}},"90":{"start":{"line":223,"column":12},"end":{"line":223,"column":24}},"91":{"start":{"line":226,"column":4},"end":{"line":226,"column":17}},"92":{"start":{"line":230,"column":4},"end":{"line":230,"column":45}},"93":{"start":{"line":231,"column":4},"end":{"line":231,"column":33}},"94":{"start":{"line":232,"column":4},"end":{"line":232,"column":22}},"95":{"start":{"line":233,"column":4},"end":{"line":233,"column":24}},"96":{"start":{"line":237,"column":4},"end":{"line":237,"column":29}},"97":{"start":{"line":238,"column":4},"end":{"line":238,"column":41}},"98":{"start":{"line":242,"column":4},"end":{"line":242,"column":69}},"99":{"start":{"line":246,"column":4},"end":{"line":246,"column":30}},"100":{"start":{"line":247,"column":4},"end":{"line":247,"column":39}},"101":{"start":{"line":248,"column":4},"end":{"line":248,"column":17}},"102":{"start":{"line":252,"column":4},"end":{"line":252,"column":39}},"103":{"start":{"line":256,"column":16},"end":{"line":259,"column":1}},"104":{"start":{"line":262,"column":4},"end":{"line":262,"column":34}},"105":{"start":{"line":263,"column":4},"end":{"line":263,"column":31}},"106":{"start":{"line":267,"column":4},"end":{"line":267,"column":27}},"107":{"start":{"line":269,"column":4},"end":{"line":269,"column":48}},"108":{"start":{"line":270,"column":4},"end":{"line":270,"column":63}},"109":{"start":{"line":277,"column":16},"end":{"line":277,"column":47}},"110":{"start":{"line":278,"column":12},"end":{"line":278,"column":34}},"111":{"start":{"line":279,"column":16},"end":{"line":279,"column":20}},"112":{"start":{"line":280,"column":19},"end":{"line":280,"column":23}},"113":{"start":{"line":281,"column":17},"end":{"line":281,"column":21}},"114":{"start":{"line":282,"column":4},"end":{"line":300,"column":5}},"115":{"start":{"line":283,"column":8},"end":{"line":283,"column":51}},"116":{"start":{"line":284,"column":8},"end":{"line":284,"column":46}},"117":{"start":{"line":285,"column":8},"end":{"line":285,"column":36}},"118":{"start":{"line":286,"column":11},"end":{"line":300,"column":5}},"119":{"start":{"line":287,"column":8},"end":{"line":287,"column":29}},"120":{"start":{"line":288,"column":8},"end":{"line":288,"column":28}},"121":{"start":{"line":290,"column":19},"end":{"line":290,"column":49}},"122":{"start":{"line":291,"column":22},"end":{"line":291,"column":53}},"123":{"start":{"line":292,"column":8},"end":{"line":292,"column":130}},"124":{"start":{"line":293,"column":8},"end":{"line":299,"column":9}},"125":{"start":{"line":294,"column":12},"end":{"line":294,"column":50}},"126":{"start":{"line":295,"column":12},"end":{"line":295,"column":79}},"127":{"start":{"line":297,"column":12},"end":{"line":297,"column":50}},"128":{"start":{"line":298,"column":12},"end":{"line":298,"column":79}},"129":{"start":{"line":301,"column":4},"end":{"line":301,"column":23}},"130":{"start":{"line":302,"column":4},"end":{"line":302,"column":25}},"131":{"start":{"line":306,"column":17},"end":{"line":306,"column":19}},"132":{"start":{"line":307,"column":4},"end":{"line":321,"column":5}},"133":{"start":{"line":307,"column":17},"end":{"line":307,"column":18}},"134":{"start":{"line":308,"column":18},"end":{"line":308,"column":22}},"135":{"start":{"line":309,"column":8},"end":{"line":319,"column":9}},"136":{"start":{"line":310,"column":12},"end":{"line":310,"column":40}},"137":{"start":{"line":311,"column":15},"end":{"line":319,"column":9}},"138":{"start":{"line":312,"column":12},"end":{"line":312,"column":35}},"139":{"start":{"line":313,"column":15},"end":{"line":319,"column":9}},"140":{"start":{"line":314,"column":12},"end":{"line":314,"column":35}},"141":{"start":{"line":315,"column":15},"end":{"line":319,"column":9}},"142":{"start":{"line":316,"column":12},"end":{"line":316,"column":35}},"143":{"start":{"line":318,"column":12},"end":{"line":318,"column":35}},"144":{"start":{"line":320,"column":8},"end":{"line":320,"column":25}},"145":{"start":{"line":322,"column":4},"end":{"line":322,"column":18}},"146":{"start":{"line":326,"column":16},"end":{"line":326,"column":66}},"147":{"start":{"line":327,"column":15},"end":{"line":327,"column":37}},"148":{"start":{"line":328,"column":4},"end":{"line":338,"column":5}},"149":{"start":{"line":329,"column":8},"end":{"line":329,"column":42}},"150":{"start":{"line":330,"column":11},"end":{"line":338,"column":5}},"151":{"start":{"line":331,"column":8},"end":{"line":331,"column":46}},"152":{"start":{"line":332,"column":11},"end":{"line":338,"column":5}},"153":{"start":{"line":333,"column":8},"end":{"line":333,"column":49}},"154":{"start":{"line":334,"column":11},"end":{"line":338,"column":5}},"155":{"start":{"line":335,"column":8},"end":{"line":335,"column":47}},"156":{"start":{"line":337,"column":8},"end":{"line":337,"column":46}},"157":{"start":{"line":342,"column":20},"end":{"line":345,"column":5}},"158":{"start":{"line":346,"column":4},"end":{"line":346,"column":38}},"159":{"start":{"line":350,"column":4},"end":{"line":350,"column":28}},"160":{"start":{"line":354,"column":4},"end":{"line":354,"column":30}},"161":{"start":{"line":359,"column":4},"end":{"line":359,"column":33}},"162":{"start":{"line":360,"column":4},"end":{"line":360,"column":30}},"163":{"start":{"line":361,"column":4},"end":{"line":361,"column":41}},"164":{"start":{"line":362,"column":4},"end":{"line":362,"column":37}},"165":{"start":{"line":367,"column":4},"end":{"line":371,"column":5}},"166":{"start":{"line":367,"column":17},"end":{"line":367,"column":18}},"167":{"start":{"line":368,"column":8},"end":{"line":370,"column":9}},"168":{"start":{"line":369,"column":12},"end":{"line":369,"column":52}},"169":{"start":{"line":372,"column":4},"end":{"line":372,"column":51}},"170":{"start":{"line":376,"column":4},"end":{"line":380,"column":5}},"171":{"start":{"line":376,"column":17},"end":{"line":376,"column":18}},"172":{"start":{"line":377,"column":8},"end":{"line":379,"column":9}},"173":{"start":{"line":378,"column":12},"end":{"line":378,"column":50}},"174":{"start":{"line":381,"column":4},"end":{"line":381,"column":57}},"175":{"start":{"line":385,"column":4},"end":{"line":387,"column":5}},"176":{"start":{"line":386,"column":8},"end":{"line":386,"column":19}},"177":{"start":{"line":388,"column":4},"end":{"line":388,"column":52}},"178":{"start":{"line":392,"column":4},"end":{"line":397,"column":5}},"179":{"start":{"line":393,"column":21},"end":{"line":393,"column":53}},"180":{"start":{"line":394,"column":8},"end":{"line":394,"column":27}},"181":{"start":{"line":395,"column":8},"end":{"line":395,"column":31}},"182":{"start":{"line":396,"column":8},"end":{"line":396,"column":29}},"183":{"start":{"line":401,"column":21},"end":{"line":401,"column":23}},"184":{"start":{"line":402,"column":4},"end":{"line":405,"column":5}},"185":{"start":{"line":403,"column":24},"end":{"line":403,"column":73}},"186":{"start":{"line":404,"column":8},"end":{"line":404,"column":35}},"187":{"start":{"line":406,"column":4},"end":{"line":406,"column":22}},"188":{"start":{"line":410,"column":4},"end":{"line":410,"column":111}},"189":{"start":{"line":414,"column":4},"end":{"line":414,"column":64}},"190":{"start":{"line":418,"column":12},"end":{"line":418,"column":27}},"191":{"start":{"line":419,"column":4},"end":{"line":423,"column":5}},"192":{"start":{"line":420,"column":8},"end":{"line":420,"column":138}},"193":{"start":{"line":422,"column":8},"end":{"line":422,"column":42}},"194":{"start":{"line":427,"column":12},"end":{"line":427,"column":27}},"195":{"start":{"line":428,"column":4},"end":{"line":436,"column":5}},"196":{"start":{"line":429,"column":8},"end":{"line":429,"column":125}},"197":{"start":{"line":430,"column":11},"end":{"line":436,"column":5}},"198":{"start":{"line":431,"column":8},"end":{"line":431,"column":125}},"199":{"start":{"line":432,"column":11},"end":{"line":436,"column":5}},"200":{"start":{"line":433,"column":8},"end":{"line":433,"column":126}},"201":{"start":{"line":435,"column":8},"end":{"line":435,"column":126}},"202":{"start":{"line":444,"column":12},"end":{"line":444,"column":27}},"203":{"start":{"line":445,"column":4},"end":{"line":451,"column":5}},"204":{"start":{"line":446,"column":8},"end":{"line":446,"column":138}},"205":{"start":{"line":447,"column":11},"end":{"line":451,"column":5}},"206":{"start":{"line":448,"column":8},"end":{"line":448,"column":91}},"207":{"start":{"line":450,"column":8},"end":{"line":450,"column":42}},"208":{"start":{"line":455,"column":14},"end":{"line":455,"column":16}},"209":{"start":{"line":456,"column":13},"end":{"line":456,"column":30}},"210":{"start":{"line":457,"column":4},"end":{"line":465,"column":5}},"211":{"start":{"line":457,"column":17},"end":{"line":457,"column":18}},"212":{"start":{"line":458,"column":18},"end":{"line":458,"column":22}},"213":{"start":{"line":459,"column":8},"end":{"line":463,"column":9}},"214":{"start":{"line":460,"column":12},"end":{"line":460,"column":35}},"215":{"start":{"line":462,"column":12},"end":{"line":462,"column":35}},"216":{"start":{"line":464,"column":8},"end":{"line":464,"column":68}},"217":{"start":{"line":466,"column":4},"end":{"line":466,"column":79}},"218":{"start":{"line":470,"column":14},"end":{"line":470,"column":16}},"219":{"start":{"line":471,"column":4},"end":{"line":479,"column":5}},"220":{"start":{"line":471,"column":17},"end":{"line":471,"column":18}},"221":{"start":{"line":472,"column":18},"end":{"line":472,"column":22}},"222":{"start":{"line":473,"column":8},"end":{"line":477,"column":9}},"223":{"start":{"line":474,"column":12},"end":{"line":474,"column":35}},"224":{"start":{"line":476,"column":12},"end":{"line":476,"column":35}},"225":{"start":{"line":478,"column":8},"end":{"line":478,"column":49}},"226":{"start":{"line":480,"column":4},"end":{"line":480,"column":62}},"227":{"start":{"line":484,"column":4},"end":{"line":484,"column":68}},"228":{"start":{"line":487,"column":0},"end":{"line":494,"column":2}}},"fnMap":{"0":{"name":"(anonymous_0)","decl":{"start":{"line":107,"column":16},"end":{"line":107,"column":17}},"loc":{"start":{"line":107,"column":27},"end":{"line":109,"column":1}},"line":107},"1":{"name":"init","decl":{"start":{"line":111,"column":9},"end":{"line":111,"column":13}},"loc":{"start":{"line":111,"column":16},"end":{"line":115,"column":1}},"line":111},"2":{"name":"setElementVars","decl":{"start":{"line":118,"column":9},"end":{"line":118,"column":23}},"loc":{"start":{"line":118,"column":26},"end":{"line":152,"column":1}},"line":118},"3":{"name":"setElementProps","decl":{"start":{"line":154,"column":9},"end":{"line":154,"column":24}},"loc":{"start":{"line":154,"column":27},"end":{"line":163,"column":1}},"line":154},"4":{"name":"launchQuiz","decl":{"start":{"line":166,"column":9},"end":{"line":166,"column":19}},"loc":{"start":{"line":166,"column":22},"end":{"line":172,"column":1}},"line":166},"5":{"name":"toggleQuiz","decl":{"start":{"line":174,"column":9},"end":{"line":174,"column":19}},"loc":{"start":{"line":174,"column":22},"end":{"line":184,"column":1}},"line":174},"6":{"name":"resetQuiz","decl":{"start":{"line":186,"column":9},"end":{"line":186,"column":18}},"loc":{"start":{"line":186,"column":21},"end":{"line":192,"column":1}},"line":186},"7":{"name":"doQuizSubmit","decl":{"start":{"line":194,"column":9},"end":{"line":194,"column":21}},"loc":{"start":{"line":194,"column":29},"end":{"line":210,"column":1}},"line":194},"8":{"name":"sanitizeAnswer","decl":{"start":{"line":212,"column":9},"end":{"line":212,"column":23}},"loc":{"start":{"line":212,"column":26},"end":{"line":218,"column":1}},"line":212},"9":{"name":"isCorrect","decl":{"start":{"line":220,"column":9},"end":{"line":220,"column":18}},"loc":{"start":{"line":220,"column":27},"end":{"line":227,"column":1}},"line":220},"10":{"name":"setNextQuestion","decl":{"start":{"line":229,"column":9},"end":{"line":229,"column":24}},"loc":{"start":{"line":229,"column":27},"end":{"line":234,"column":1}},"line":229},"11":{"name":"setCard","decl":{"start":{"line":236,"column":9},"end":{"line":236,"column":16}},"loc":{"start":{"line":236,"column":24},"end":{"line":239,"column":1}},"line":236},"12":{"name":"setLaunchPrompt","decl":{"start":{"line":241,"column":9},"end":{"line":241,"column":24}},"loc":{"start":{"line":241,"column":27},"end":{"line":243,"column":1}},"line":241},"13":{"name":"congratulate","decl":{"start":{"line":245,"column":9},"end":{"line":245,"column":21}},"loc":{"start":{"line":245,"column":24},"end":{"line":249,"column":1}},"line":245},"14":{"name":"resetIncorrect","decl":{"start":{"line":251,"column":9},"end":{"line":251,"column":23}},"loc":{"start":{"line":251,"column":26},"end":{"line":253,"column":1}},"line":251},"15":{"name":"launchTimestamp","decl":{"start":{"line":261,"column":9},"end":{"line":261,"column":24}},"loc":{"start":{"line":261,"column":27},"end":{"line":264,"column":1}},"line":261},"16":{"name":"nextTimestampQuestion","decl":{"start":{"line":266,"column":9},"end":{"line":266,"column":30}},"loc":{"start":{"line":266,"column":33},"end":{"line":274,"column":1}},"line":266},"17":{"name":"setTimestampQuestion","decl":{"start":{"line":276,"column":9},"end":{"line":276,"column":29}},"loc":{"start":{"line":276,"column":32},"end":{"line":303,"column":1}},"line":276},"18":{"name":"getRandomTimstampNumberInput","decl":{"start":{"line":305,"column":9},"end":{"line":305,"column":37}},"loc":{"start":{"line":305,"column":40},"end":{"line":323,"column":1}},"line":305},"19":{"name":"getRandomTimestampStringInput","decl":{"start":{"line":325,"column":9},"end":{"line":325,"column":38}},"loc":{"start":{"line":325,"column":41},"end":{"line":339,"column":1}},"line":325},"20":{"name":"getRandomTimestampQuestion","decl":{"start":{"line":341,"column":9},"end":{"line":341,"column":35}},"loc":{"start":{"line":341,"column":38},"end":{"line":347,"column":1}},"line":341},"21":{"name":"setCTQInput","decl":{"start":{"line":349,"column":9},"end":{"line":349,"column":20}},"loc":{"start":{"line":349,"column":28},"end":{"line":351,"column":1}},"line":349},"22":{"name":"setCTQOutput","decl":{"start":{"line":353,"column":9},"end":{"line":353,"column":21}},"loc":{"start":{"line":353,"column":30},"end":{"line":355,"column":1}},"line":353},"23":{"name":"launchPractice","decl":{"start":{"line":358,"column":9},"end":{"line":358,"column":23}},"loc":{"start":{"line":358,"column":26},"end":{"line":363,"column":1}},"line":358},"24":{"name":"setSectionBtn","decl":{"start":{"line":366,"column":9},"end":{"line":366,"column":22}},"loc":{"start":{"line":366,"column":36},"end":{"line":373,"column":1}},"line":366},"25":{"name":"setSection","decl":{"start":{"line":375,"column":9},"end":{"line":375,"column":19}},"loc":{"start":{"line":375,"column":37},"end":{"line":382,"column":1}},"line":375},"26":{"name":"getRandomInt","decl":{"start":{"line":384,"column":9},"end":{"line":384,"column":21}},"loc":{"start":{"line":384,"column":35},"end":{"line":389,"column":1}},"line":384},"27":{"name":"addOptionsToSelect","decl":{"start":{"line":391,"column":9},"end":{"line":391,"column":27}},"loc":{"start":{"line":391,"column":47},"end":{"line":398,"column":1}},"line":391},"28":{"name":"transformIntsToDblDigStrs","decl":{"start":{"line":400,"column":9},"end":{"line":400,"column":34}},"loc":{"start":{"line":400,"column":41},"end":{"line":407,"column":1}},"line":400},"29":{"name":"getRandomIsoDtTimeStr","decl":{"start":{"line":409,"column":9},"end":{"line":409,"column":30}},"loc":{"start":{"line":409,"column":33},"end":{"line":411,"column":1}},"line":409},"30":{"name":"getRandomIsoDtTimeRelStr","decl":{"start":{"line":413,"column":9},"end":{"line":413,"column":33}},"loc":{"start":{"line":413,"column":36},"end":{"line":415,"column":1}},"line":413},"31":{"name":"getRandomShortDtString","decl":{"start":{"line":417,"column":9},"end":{"line":417,"column":31}},"loc":{"start":{"line":417,"column":34},"end":{"line":424,"column":1}},"line":417},"32":{"name":"getRandomLongDtString","decl":{"start":{"line":426,"column":9},"end":{"line":426,"column":30}},"loc":{"start":{"line":426,"column":33},"end":{"line":441,"column":1}},"line":426},"33":{"name":"getRandomIsoDtStr","decl":{"start":{"line":443,"column":9},"end":{"line":443,"column":26}},"loc":{"start":{"line":443,"column":29},"end":{"line":452,"column":1}},"line":443},"34":{"name":"getRandomTime","decl":{"start":{"line":454,"column":9},"end":{"line":454,"column":22}},"loc":{"start":{"line":454,"column":25},"end":{"line":467,"column":1}},"line":454},"35":{"name":"getRandomTimeOffset","decl":{"start":{"line":469,"column":9},"end":{"line":469,"column":28}},"loc":{"start":{"line":469,"column":31},"end":{"line":481,"column":1}},"line":469},"36":{"name":"transformIntToDblDigitStr","decl":{"start":{"line":483,"column":9},"end":{"line":483,"column":34}},"loc":{"start":{"line":483,"column":40},"end":{"line":485,"column":1}},"line":483}},"branchMap":{"0":{"loc":{"start":{"line":175,"column":4},"end":{"line":183,"column":5}},"type":"if","locations":[{"start":{"line":175,"column":4},"end":{"line":183,"column":5}},{"start":{"line":175,"column":4},"end":{"line":183,"column":5}}],"line":175},"1":{"loc":{"start":{"line":197,"column":4},"end":{"line":209,"column":5}},"type":"if","locations":[{"start":{"line":197,"column":4},"end":{"line":209,"column":5}},{"start":{"line":197,"column":4},"end":{"line":209,"column":5}}],"line":197},"2":{"loc":{"start":{"line":200,"column":8},"end":{"line":204,"column":9}},"type":"if","locations":[{"start":{"line":200,"column":8},"end":{"line":204,"column":9}},{"start":{"line":200,"column":8},"end":{"line":204,"column":9}}],"line":200},"3":{"loc":{"start":{"line":214,"column":4},"end":{"line":216,"column":5}},"type":"if","locations":[{"start":{"line":214,"column":4},"end":{"line":216,"column":5}},{"start":{"line":214,"column":4},"end":{"line":216,"column":5}}],"line":214},"4":{"loc":{"start":{"line":222,"column":8},"end":{"line":224,"column":9}},"type":"if","locations":[{"start":{"line":222,"column":8},"end":{"line":224,"column":9}},{"start":{"line":222,"column":8},"end":{"line":224,"column":9}}],"line":222},"5":{"loc":{"start":{"line":282,"column":4},"end":{"line":300,"column":5}},"type":"if","locations":[{"start":{"line":282,"column":4},"end":{"line":300,"column":5}},{"start":{"line":282,"column":4},"end":{"line":300,"column":5}}],"line":282},"6":{"loc":{"start":{"line":286,"column":11},"end":{"line":300,"column":5}},"type":"if","locations":[{"start":{"line":286,"column":11},"end":{"line":300,"column":5}},{"start":{"line":286,"column":11},"end":{"line":300,"column":5}}],"line":286},"7":{"loc":{"start":{"line":293,"column":8},"end":{"line":299,"column":9}},"type":"if","locations":[{"start":{"line":293,"column":8},"end":{"line":299,"column":9}},{"start":{"line":293,"column":8},"end":{"line":299,"column":9}}],"line":293},"8":{"loc":{"start":{"line":309,"column":8},"end":{"line":319,"column":9}},"type":"if","locations":[{"start":{"line":309,"column":8},"end":{"line":319,"column":9}},{"start":{"line":309,"column":8},"end":{"line":319,"column":9}}],"line":309},"9":{"loc":{"start":{"line":311,"column":15},"end":{"line":319,"column":9}},"type":"if","locations":[{"start":{"line":311,"column":15},"end":{"line":319,"column":9}},{"start":{"line":311,"column":15},"end":{"line":319,"column":9}}],"line":311},"10":{"loc":{"start":{"line":313,"column":15},"end":{"line":319,"column":9}},"type":"if","locations":[{"start":{"line":313,"column":15},"end":{"line":319,"column":9}},{"start":{"line":313,"column":15},"end":{"line":319,"column":9}}],"line":313},"11":{"loc":{"start":{"line":315,"column":15},"end":{"line":319,"column":9}},"type":"if","locations":[{"start":{"line":315,"column":15},"end":{"line":319,"column":9}},{"start":{"line":315,"column":15},"end":{"line":319,"column":9}}],"line":315},"12":{"loc":{"start":{"line":328,"column":4},"end":{"line":338,"column":5}},"type":"if","locations":[{"start":{"line":328,"column":4},"end":{"line":338,"column":5}},{"start":{"line":328,"column":4},"end":{"line":338,"column":5}}],"line":328},"13":{"loc":{"start":{"line":330,"column":11},"end":{"line":338,"column":5}},"type":"if","locations":[{"start":{"line":330,"column":11},"end":{"line":338,"column":5}},{"start":{"line":330,"column":11},"end":{"line":338,"column":5}}],"line":330},"14":{"loc":{"start":{"line":332,"column":11},"end":{"line":338,"column":5}},"type":"if","locations":[{"start":{"line":332,"column":11},"end":{"line":338,"column":5}},{"start":{"line":332,"column":11},"end":{"line":338,"column":5}}],"line":332},"15":{"loc":{"start":{"line":334,"column":11},"end":{"line":338,"column":5}},"type":"if","locations":[{"start":{"line":334,"column":11},"end":{"line":338,"column":5}},{"start":{"line":334,"column":11},"end":{"line":338,"column":5}}],"line":334},"16":{"loc":{"start":{"line":368,"column":8},"end":{"line":370,"column":9}},"type":"if","locations":[{"start":{"line":368,"column":8},"end":{"line":370,"column":9}},{"start":{"line":368,"column":8},"end":{"line":370,"column":9}}],"line":368},"17":{"loc":{"start":{"line":377,"column":8},"end":{"line":379,"column":9}},"type":"if","locations":[{"start":{"line":377,"column":8},"end":{"line":379,"column":9}},{"start":{"line":377,"column":8},"end":{"line":379,"column":9}}],"line":377},"18":{"loc":{"start":{"line":385,"column":4},"end":{"line":387,"column":5}},"type":"if","locations":[{"start":{"line":385,"column":4},"end":{"line":387,"column":5}},{"start":{"line":385,"column":4},"end":{"line":387,"column":5}}],"line":385},"19":{"loc":{"start":{"line":403,"column":24},"end":{"line":403,"column":73}},"type":"cond-expr","locations":[{"start":{"line":403,"column":37},"end":{"line":403,"column":67}},{"start":{"line":403,"column":70},"end":{"line":403,"column":73}}],"line":403},"20":{"loc":{"start":{"line":410,"column":36},"end":{"line":410,"column":62}},"type":"cond-expr","locations":[{"start":{"line":410,"column":55},"end":{"line":410,"column":58}},{"start":{"line":410,"column":59},"end":{"line":410,"column":62}}],"line":410},"21":{"loc":{"start":{"line":410,"column":83},"end":{"line":410,"column":108}},"type":"cond-expr","locations":[{"start":{"line":410,"column":102},"end":{"line":410,"column":105}},{"start":{"line":410,"column":106},"end":{"line":410,"column":108}}],"line":410},"22":{"loc":{"start":{"line":419,"column":4},"end":{"line":423,"column":5}},"type":"if","locations":[{"start":{"line":419,"column":4},"end":{"line":423,"column":5}},{"start":{"line":419,"column":4},"end":{"line":423,"column":5}}],"line":419},"23":{"loc":{"start":{"line":428,"column":4},"end":{"line":436,"column":5}},"type":"if","locations":[{"start":{"line":428,"column":4},"end":{"line":436,"column":5}},{"start":{"line":428,"column":4},"end":{"line":436,"column":5}}],"line":428},"24":{"loc":{"start":{"line":430,"column":11},"end":{"line":436,"column":5}},"type":"if","locations":[{"start":{"line":430,"column":11},"end":{"line":436,"column":5}},{"start":{"line":430,"column":11},"end":{"line":436,"column":5}}],"line":430},"25":{"loc":{"start":{"line":432,"column":11},"end":{"line":436,"column":5}},"type":"if","locations":[{"start":{"line":432,"column":11},"end":{"line":436,"column":5}},{"start":{"line":432,"column":11},"end":{"line":436,"column":5}}],"line":432},"26":{"loc":{"start":{"line":445,"column":4},"end":{"line":451,"column":5}},"type":"if","locations":[{"start":{"line":445,"column":4},"end":{"line":451,"column":5}},{"start":{"line":445,"column":4},"end":{"line":451,"column":5}}],"line":445},"27":{"loc":{"start":{"line":447,"column":11},"end":{"line":451,"column":5}},"type":"if","locations":[{"start":{"line":447,"column":11},"end":{"line":451,"column":5}},{"start":{"line":447,"column":11},"end":{"line":451,"column":5}}],"line":447},"28":{"loc":{"start":{"line":459,"column":8},"end":{"line":463,"column":9}},"type":"if","locations":[{"start":{"line":459,"column":8},"end":{"line":463,"column":9}},{"start":{"line":459,"column":8},"end":{"line":463,"column":9}}],"line":459},"29":{"loc":{"start":{"line":464,"column":17},"end":{"line":464,"column":66}},"type":"cond-expr","locations":[{"start":{"line":464,"column":30},"end":{"line":464,"column":60}},{"start":{"line":464,"column":63},"end":{"line":464,"column":66}}],"line":464},"30":{"loc":{"start":{"line":466,"column":11},"end":{"line":466,"column":78}},"type":"cond-expr","locations":[{"start":{"line":466,"column":23},"end":{"line":466,"column":44}},{"start":{"line":466,"column":47},"end":{"line":466,"column":78}}],"line":466},"31":{"loc":{"start":{"line":473,"column":8},"end":{"line":477,"column":9}},"type":"if","locations":[{"start":{"line":473,"column":8},"end":{"line":477,"column":9}},{"start":{"line":473,"column":8},"end":{"line":477,"column":9}}],"line":473},"32":{"loc":{"start":{"line":480,"column":14},"end":{"line":480,"column":40}},"type":"cond-expr","locations":[{"start":{"line":480,"column":33},"end":{"line":480,"column":36}},{"start":{"line":480,"column":37},"end":{"line":480,"column":40}}],"line":480}},"s":{"0":1,"1":1,"2":1,"3":1,"4":1,"5":1,"6":1,"7":1,"8":1,"9":1,"10":1,"11":1,"12":1,"13":1,"14":1,"15":1,"16":1,"17":1,"18":1,"19":1,"20":1,"21":0,"22":0,"23":0,"24":0,"25":0,"26":0,"27":0,"28":0,"29":0,"30":0,"31":0,"32":0,"33":0,"34":0,"35":0,"36":0,"37":0,"38":0,"39":0,"40":0,"41":0,"42":0,"43":0,"44":0,"45":0,"46":0,"47":0,"48":0,"49":0,"50":0,"51":0,"52":0,"53":0,"54":0,"55":0,"56":0,"57":0,"58":0,"59":0,"60":0,"61":0,"62":0,"63":0,"64":0,"65":0,"66":0,"67":0,"68":0,"69":0,"70":0,"71":0,"72":0,"73":0,"74":0,"75":0,"76":0,"77":0,"78":0,"79":0,"80":0,"81":0,"82":0,"83":0,"84":0,"85":0,"86":0,"87":0,"88":0,"89":0,"90":0,"91":0,"92":0,"93":0,"94":0,"95":0,"96":0,"97":0,"98":0,"99":0,"100":0,"101":0,"102":0,"103":1,"104":0,"105":0,"106":0,"107":0,"108":0,"109":0,"110":0,"111":0,"112":0,"113":0,"114":0,"115":0,"116":0,"117":0,"118":0,"119":0,"120":0,"121":0,"122":0,"123":0,"124":0,"125":0,"126":0,"127":0,"128":0,"129":0,"130":0,"131":0,"132":0,"133":0,"134":0,"135":0,"136":0,"137":0,"138":0,"139":0,"140":0,"141":0,"142":0,"143":0,"144":0,"145":0,"146":0,"147":0,"148":0,"149":0,"150":0,"151":0,"152":0,"153":0,"154":0,"155":0,"156":0,"157":0,"158":0,"159":0,"160":0,"161":0,"162":0,"163":0,"164":0,"165":0,"166":0,"167":0,"168":0,"169":0,"170":0,"171":0,"172":0,"173":0,"174":0,"175":838,"176":586,"177":838,"178":0,"179":0,"180":0,"181":0,"182":0,"183":0,"184":0,"185":0,"186":0,"187":0,"188":0,"189":0,"190":50,"191":50,"192":18,"193":32,"194":50,"195":50,"196":13,"197":37,"198":11,"199":26,"200":14,"201":12,"202":50,"203":50,"204":20,"205":30,"206":14,"207":16,"208":50,"209":50,"210":50,"211":50,"212":148,"213":148,"214":50,"215":98,"216":148,"217":50,"218":50,"219":50,"220":50,"221":100,"222":100,"223":50,"224":50,"225":100,"226":50,"227":276,"228":1},"f":{"0":0,"1":0,"2":0,"3":0,"4":0,"5":0,"6":0,"7":0,"8":0,"9":0,"10":0,"11":0,"12":0,"13":0,"14":0,"15":0,"16":0,"17":0,"18":0,"19":0,"20":0,"21":0,"22":0,"23":0,"24":0,"25":0,"26":838,"27":0,"28":0,"29":0,"30":0,"31":50,"32":50,"33":50,"34":50,"35":50,"36":276},"b":{"0":[0,0],"1":[0,0],"2":[0,0],"3":[0,0],"4":[0,0],"5":[0,0],"6":[0,0],"7":[0,0],"8":[0,0],"9":[0,0],"10":[0,0],"11":[0,0],"12":[0,0],"13":[0,0],"14":[0,0],"15":[0,0],"16":[0,0],"17":[0,0],"18":[586,252],"19":[0,0],"20":[0,0],"21":[0,0],"22":[18,32],"23":[13,37],"24":[11,26],"25":[14,12],"26":[20,30],"27":[14,16],"28":[50,98],"29":[34,114],"30":[16,34],"31":[50,50],"32":[22,28]},"_coverageSchema":"1a1c01bbd47fc00a2c39e90264f33305004495a9","hash":"587dae7343951f22ee9e482c7b685b7e5e10039f"}
}
