TN:
SF:src/index.js
FN:106,(anonymous_0)
FN:110,init
FN:117,setElementVars
FN:153,setElementProps
FN:165,launchQuiz
FN:173,toggleQuiz
FN:185,resetQuiz
FN:193,doQuizSubmit
FN:211,sanitizeAnswer
FN:219,isCorrect
FN:228,setNextQuestion
FN:235,setCard
FN:240,setLaunchPrompt
FN:244,clearInput
FN:248,congratulate
FN:254,resetIncorrect
FN:264,launchTimestamp
FN:269,nextTimestampQuestion
FN:279,setTimestampQuestion
FN:308,getRandomTimstampNumberInput
FN:328,getRandomTimestampStringInput
FN:344,getRandomTimestampQuestion
FN:352,setCTQInput
FN:356,setCTQOutput
FN:361,launchPractice
FN:369,setSectionBtn
FN:378,setSection
FN:387,getRandomInt
FN:394,addOptionsToSelect
FN:403,transformIntsToDblDigStrs
FN:412,getRandomIsoDtStr
FN:423,getRandomIsoDtTimeStr
FN:427,getRandomIsoDtTimeRelStr
FN:431,getRandomTime
FN:446,getRandomTimeOffset
FN:460,transformIntToDblDigitStr
FN:464,getRandomShortDtString
FN:468,getRandomLongDtString
FNF:38
FNH:1
FNDA:0,(anonymous_0)
FNDA:0,init
FNDA:0,setElementVars
FNDA:0,setElementProps
FNDA:0,launchQuiz
FNDA:0,toggleQuiz
FNDA:0,resetQuiz
FNDA:0,doQuizSubmit
FNDA:0,sanitizeAnswer
FNDA:0,isCorrect
FNDA:0,setNextQuestion
FNDA:0,setCard
FNDA:0,setLaunchPrompt
FNDA:0,clearInput
FNDA:0,congratulate
FNDA:0,resetIncorrect
FNDA:0,launchTimestamp
FNDA:0,nextTimestampQuestion
FNDA:0,setTimestampQuestion
FNDA:0,getRandomTimstampNumberInput
FNDA:0,getRandomTimestampStringInput
FNDA:0,getRandomTimestampQuestion
FNDA:0,setCTQInput
FNDA:0,setCTQOutput
FNDA:0,launchPractice
FNDA:0,setSectionBtn
FNDA:0,setSection
FNDA:0,getRandomInt
FNDA:0,addOptionsToSelect
FNDA:0,transformIntsToDblDigStrs
FNDA:0,getRandomIsoDtStr
FNDA:0,getRandomIsoDtTimeStr
FNDA:0,getRandomIsoDtTimeRelStr
FNDA:0,getRandomTime
FNDA:0,getRandomTimeOffset
FNDA:2,transformIntToDblDigitStr
FNDA:0,getRandomShortDtString
FNDA:0,getRandomLongDtString
DA:2,1
DA:3,1
DA:4,1
DA:5,1
DA:6,1
DA:7,1
DA:8,1
DA:9,1
DA:10,1
DA:11,1
DA:58,1
DA:66,1
DA:67,1
DA:68,1
DA:69,1
DA:70,1
DA:71,1
DA:72,1
DA:73,1
DA:106,1
DA:107,0
DA:111,0
DA:112,0
DA:113,0
DA:118,0
DA:119,0
DA:120,0
DA:121,0
DA:124,0
DA:125,0
DA:126,0
DA:127,0
DA:129,0
DA:130,0
DA:133,0
DA:134,0
DA:135,0
DA:136,0
DA:139,0
DA:140,0
DA:141,0
DA:144,0
DA:145,0
DA:146,0
DA:147,0
DA:148,0
DA:149,0
DA:150,0
DA:154,0
DA:155,0
DA:156,0
DA:157,0
DA:158,0
DA:159,0
DA:160,0
DA:161,0
DA:166,0
DA:167,0
DA:168,0
DA:169,0
DA:170,0
DA:174,0
DA:175,0
DA:176,0
DA:177,0
DA:179,0
DA:180,0
DA:181,0
DA:186,0
DA:187,0
DA:188,0
DA:189,0
DA:190,0
DA:194,0
DA:195,0
DA:196,0
DA:197,0
DA:198,0
DA:199,0
DA:200,0
DA:202,0
DA:205,0
DA:212,0
DA:213,0
DA:214,0
DA:216,0
DA:220,0
DA:221,0
DA:222,0
DA:225,0
DA:229,0
DA:230,0
DA:231,0
DA:232,0
DA:236,0
DA:237,0
DA:241,0
DA:245,0
DA:249,0
DA:250,0
DA:251,0
DA:255,0
DA:259,1
DA:265,0
DA:266,0
DA:270,0
DA:272,0
DA:273,0
DA:280,0
DA:281,0
DA:282,0
DA:283,0
DA:284,0
DA:285,0
DA:286,0
DA:287,0
DA:288,0
DA:289,0
DA:290,0
DA:291,0
DA:293,0
DA:294,0
DA:295,0
DA:296,0
DA:297,0
DA:298,0
DA:300,0
DA:301,0
DA:304,0
DA:305,0
DA:309,0
DA:310,0
DA:311,0
DA:312,0
DA:313,0
DA:314,0
DA:315,0
DA:316,0
DA:317,0
DA:318,0
DA:319,0
DA:321,0
DA:323,0
DA:325,0
DA:329,0
DA:330,0
DA:331,0
DA:332,0
DA:333,0
DA:334,0
DA:335,0
DA:336,0
DA:337,0
DA:338,0
DA:340,0
DA:345,0
DA:349,0
DA:353,0
DA:357,0
DA:362,0
DA:363,0
DA:364,0
DA:365,0
DA:370,0
DA:371,0
DA:372,0
DA:375,0
DA:379,0
DA:380,0
DA:381,0
DA:384,0
DA:388,0
DA:389,0
DA:391,0
DA:395,0
DA:396,0
DA:397,0
DA:398,0
DA:399,0
DA:404,0
DA:405,0
DA:406,0
DA:407,0
DA:409,0
DA:413,0
DA:414,0
DA:415,0
DA:416,0
DA:417,0
DA:419,0
DA:424,0
DA:428,0
DA:432,0
DA:433,0
DA:434,0
DA:435,0
DA:436,0
DA:437,0
DA:439,0
DA:441,0
DA:443,0
DA:447,0
DA:448,0
DA:449,0
DA:450,0
DA:451,0
DA:453,0
DA:455,0
DA:457,0
DA:461,2
DA:475,1
LF:211
LH:23
BRDA:174,0,0,0
BRDA:174,0,1,0
BRDA:196,1,0,0
BRDA:196,1,1,0
BRDA:199,2,0,0
BRDA:199,2,1,0
BRDA:213,3,0,0
BRDA:213,3,1,0
BRDA:221,4,0,0
BRDA:221,4,1,0
BRDA:285,5,0,0
BRDA:285,5,1,0
BRDA:289,6,0,0
BRDA:289,6,1,0
BRDA:296,7,0,0
BRDA:296,7,1,0
BRDA:312,8,0,0
BRDA:312,8,1,0
BRDA:314,9,0,0
BRDA:314,9,1,0
BRDA:316,10,0,0
BRDA:316,10,1,0
BRDA:318,11,0,0
BRDA:318,11,1,0
BRDA:331,12,0,0
BRDA:331,12,1,0
BRDA:333,13,0,0
BRDA:333,13,1,0
BRDA:335,14,0,0
BRDA:335,14,1,0
BRDA:337,15,0,0
BRDA:337,15,1,0
BRDA:371,16,0,0
BRDA:371,16,1,0
BRDA:380,17,0,0
BRDA:380,17,1,0
BRDA:388,18,0,0
BRDA:388,18,1,0
BRDA:406,19,0,0
BRDA:406,19,1,0
BRDA:414,20,0,0
BRDA:414,20,1,0
BRDA:416,21,0,0
BRDA:416,21,1,0
BRDA:424,22,0,0
BRDA:424,22,1,0
BRDA:424,23,0,0
BRDA:424,23,1,0
BRDA:436,24,0,0
BRDA:436,24,1,0
BRDA:441,25,0,0
BRDA:441,25,1,0
BRDA:443,26,0,0
BRDA:443,26,1,0
BRDA:450,27,0,0
BRDA:450,27,1,0
BRDA:457,28,0,0
BRDA:457,28,1,0
BRF:58
BRH:0
end_of_record
